[debug] [2021-12-29T07:37:16.485Z] ----------------------------------------------------------------------
[debug] [2021-12-29T07:37:16.488Z] Command:       E:\nodejs\node.exe C:\Users\Dell\AppData\Roaming\npm\node_modules\firebase-tools\lib\bin\firebase.js init
[debug] [2021-12-29T07:37:16.488Z] CLI Version:   10.0.1
[debug] [2021-12-29T07:37:16.488Z] Platform:      win32
[debug] [2021-12-29T07:37:16.488Z] Node Version:  v14.17.0
[debug] [2021-12-29T07:37:16.489Z] Time:          Wed Dec 29 2021 14:07:16 GMT+0630 (Myanmar Time)
[debug] [2021-12-29T07:37:16.489Z] ----------------------------------------------------------------------
[debug] 
[debug] [2021-12-29T07:37:16.564Z] > command requires scopes: ["email","openid","https://www.googleapis.com/auth/cloudplatformprojects.readonly","https://www.googleapis.com/auth/firebase","https://www.googleapis.com/auth/cloud-platform"]
[debug] [2021-12-29T07:37:16.565Z] > authorizing via signed-in user (kyawmyotun472001@gmail.com)
[info] 
     ######## #### ########  ######## ########     ###     ######  ########
     ##        ##  ##     ## ##       ##     ##  ##   ##  ##       ##
     ######    ##  ########  ######   ########  #########  ######  ######
     ##        ##  ##    ##  ##       ##     ## ##     ##       ## ##
     ##       #### ##     ## ######## ########  ##     ##  ######  ########

You're about to initialize a Firebase project in this directory:

  E:\MyPortfolioProjects\restro

Before we get started, keep in mind:

  * You are initializing within an existing Firebase project directory

